<?xml version="1.0" encoding="UTF-8"?>
<testsuite name="UserRegistration" tests="440" skipped="0" failures="0" errors="0" timestamp="2020-04-29T12:58:09" hostname="LAPTOP-VMLRSS4V" time="0.476">
  <properties/>
  <testcase name="givenPassword_ifMoreThanOneSpecialCharacter_thenReturnFalse[0]" classname="UserRegistration" time="0.001"/>
  <testcase name="givenPassword_ifAtleastOneNumericValue_thenReturnTrue[0]" classname="UserRegistration" time="0.0"/>
  <testcase name="givenMobileNumber_ifProper_thenReturnTrue[0]" classname="UserRegistration" time="0.0"/>
  <testcase name="givenFirstName_ifProper_thenReturnTrue[0]" classname="UserRegistration" time="0.0"/>
  <testcase name="givenFirstName_ifNoUpperCase_thenReturnFalse[0]" classname="UserRegistration" time="0.001"/>
  <testcase name="givenPassword_ifLong_thenReturnTrue[0]" classname="UserRegistration" time="0.0"/>
  <testcase name="givenPassword_ifNoUppercase_thenReturnFalse[0]" classname="UserRegistration" time="0.0"/>
  <testcase name="givenFirstName_ifShort_thenReturnFalse[0]" classname="UserRegistration" time="0.0"/>
  <testcase name="givenEmailId_shouldReturnExpectedResult[0]" classname="UserRegistration" time="0.007"/>
  <testcase name="givenPassword_ifNoNumericValue_thenReturnFalse[0]" classname="UserRegistration" time="0.0"/>
  <testcase name="givenFirstName_ifContainsNumeric_thenReturnFalse[0]" classname="UserRegistration" time="0.0"/>
  <testcase name="givenPassword_ifExactlyOneSpecialCharacter_thenReturnTrue[0]" classname="UserRegistration" time="0.0"/>
  <testcase name="givenMobileNumber_ifContainCharacter_thenReturnFalse[0]" classname="UserRegistration" time="0.0"/>
  <testcase name="givenLastName_ifProper_thenReturnTrue[0]" classname="UserRegistration" time="0.0"/>
  <testcase name="givenMobileNumber_ifContainSpecialCharacter_thenReturnFalse[0]" classname="UserRegistration" time="0.0"/>
  <testcase name="givenFirstName_ifContainsSpecialChar_thenReturnFalse[0]" classname="UserRegistration" time="0.001"/>
  <testcase name="givenPassword_ifAtleastOneUppercase_thenReturnTrue[0]" classname="UserRegistration" time="0.0"/>
  <testcase name="givenPassword_ifShort_thenReturnFalse[0]" classname="UserRegistration" time="0.0"/>
  <testcase name="givenPassword_ifNoSpecialCharacter_thenReturnFalse[0]" classname="UserRegistration" time="0.001"/>
  <testcase name="givenMobileNumber_ifNoSpace_thenReturnFalse[0]" classname="UserRegistration" time="0.0"/>
  <testcase name="givenPassword_ifMoreThanOneSpecialCharacter_thenReturnFalse[1]" classname="UserRegistration" time="0.001"/>
  <testcase name="givenPassword_ifAtleastOneNumericValue_thenReturnTrue[1]" classname="UserRegistration" time="0.0"/>
  <testcase name="givenMobileNumber_ifProper_thenReturnTrue[1]" classname="UserRegistration" time="0.0"/>
  <testcase name="givenFirstName_ifProper_thenReturnTrue[1]" classname="UserRegistration" time="0.0"/>
  <testcase name="givenFirstName_ifNoUpperCase_thenReturnFalse[1]" classname="UserRegistration" time="0.001"/>
  <testcase name="givenPassword_ifLong_thenReturnTrue[1]" classname="UserRegistration" time="0.0"/>
  <testcase name="givenPassword_ifNoUppercase_thenReturnFalse[1]" classname="UserRegistration" time="0.001"/>
  <testcase name="givenFirstName_ifShort_thenReturnFalse[1]" classname="UserRegistration" time="0.0"/>
  <testcase name="givenEmailId_shouldReturnExpectedResult[1]" classname="UserRegistration" time="0.002"/>
  <testcase name="givenPassword_ifNoNumericValue_thenReturnFalse[1]" classname="UserRegistration" time="0.003"/>
  <testcase name="givenFirstName_ifContainsNumeric_thenReturnFalse[1]" classname="UserRegistration" time="0.001"/>
  <testcase name="givenPassword_ifExactlyOneSpecialCharacter_thenReturnTrue[1]" classname="UserRegistration" time="0.004"/>
  <testcase name="givenMobileNumber_ifContainCharacter_thenReturnFalse[1]" classname="UserRegistration" time="0.004"/>
  <testcase name="givenLastName_ifProper_thenReturnTrue[1]" classname="UserRegistration" time="0.001"/>
  <testcase name="givenMobileNumber_ifContainSpecialCharacter_thenReturnFalse[1]" classname="UserRegistration" time="0.0"/>
  <testcase name="givenFirstName_ifContainsSpecialChar_thenReturnFalse[1]" classname="UserRegistration" time="0.001"/>
  <testcase name="givenPassword_ifAtleastOneUppercase_thenReturnTrue[1]" classname="UserRegistration" time="0.001"/>
  <testcase name="givenPassword_ifShort_thenReturnFalse[1]" classname="UserRegistration" time="0.001"/>
  <testcase name="givenPassword_ifNoSpecialCharacter_thenReturnFalse[1]" classname="UserRegistration" time="0.002"/>
  <testcase name="givenMobileNumber_ifNoSpace_thenReturnFalse[1]" classname="UserRegistration" time="0.001"/>
  <testcase name="givenPassword_ifMoreThanOneSpecialCharacter_thenReturnFalse[2]" classname="UserRegistration" time="0.001"/>
  <testcase name="givenPassword_ifAtleastOneNumericValue_thenReturnTrue[2]" classname="UserRegistration" time="0.0"/>
  <testcase name="givenMobileNumber_ifProper_thenReturnTrue[2]" classname="UserRegistration" time="0.001"/>
  <testcase name="givenFirstName_ifProper_thenReturnTrue[2]" classname="UserRegistration" time="0.0"/>
  <testcase name="givenFirstName_ifNoUpperCase_thenReturnFalse[2]" classname="UserRegistration" time="0.0"/>
  <testcase name="givenPassword_ifLong_thenReturnTrue[2]" classname="UserRegistration" time="0.0"/>
  <testcase name="givenPassword_ifNoUppercase_thenReturnFalse[2]" classname="UserRegistration" time="0.001"/>
  <testcase name="givenFirstName_ifShort_thenReturnFalse[2]" classname="UserRegistration" time="0.0"/>
  <testcase name="givenEmailId_shouldReturnExpectedResult[2]" classname="UserRegistration" time="0.001"/>
  <testcase name="givenPassword_ifNoNumericValue_thenReturnFalse[2]" classname="UserRegistration" time="0.0"/>
  <testcase name="givenFirstName_ifContainsNumeric_thenReturnFalse[2]" classname="UserRegistration" time="0.001"/>
  <testcase name="givenPassword_ifExactlyOneSpecialCharacter_thenReturnTrue[2]" classname="UserRegistration" time="0.0"/>
  <testcase name="givenMobileNumber_ifContainCharacter_thenReturnFalse[2]" classname="UserRegistration" time="0.001"/>
  <testcase name="givenLastName_ifProper_thenReturnTrue[2]" classname="UserRegistration" time="0.0"/>
  <testcase name="givenMobileNumber_ifContainSpecialCharacter_thenReturnFalse[2]" classname="UserRegistration" time="0.0"/>
  <testcase name="givenFirstName_ifContainsSpecialChar_thenReturnFalse[2]" classname="UserRegistration" time="0.001"/>
  <testcase name="givenPassword_ifAtleastOneUppercase_thenReturnTrue[2]" classname="UserRegistration" time="0.005"/>
  <testcase name="givenPassword_ifShort_thenReturnFalse[2]" classname="UserRegistration" time="0.001"/>
  <testcase name="givenPassword_ifNoSpecialCharacter_thenReturnFalse[2]" classname="UserRegistration" time="0.0"/>
  <testcase name="givenMobileNumber_ifNoSpace_thenReturnFalse[2]" classname="UserRegistration" time="0.003"/>
  <testcase name="givenPassword_ifMoreThanOneSpecialCharacter_thenReturnFalse[3]" classname="UserRegistration" time="0.0"/>
  <testcase name="givenPassword_ifAtleastOneNumericValue_thenReturnTrue[3]" classname="UserRegistration" time="0.0"/>
  <testcase name="givenMobileNumber_ifProper_thenReturnTrue[3]" classname="UserRegistration" time="0.0"/>
  <testcase name="givenFirstName_ifProper_thenReturnTrue[3]" classname="UserRegistration" time="0.0"/>
  <testcase name="givenFirstName_ifNoUpperCase_thenReturnFalse[3]" classname="UserRegistration" time="0.001"/>
  <testcase name="givenPassword_ifLong_thenReturnTrue[3]" classname="UserRegistration" time="0.002"/>
  <testcase name="givenPassword_ifNoUppercase_thenReturnFalse[3]" classname="UserRegistration" time="0.001"/>
  <testcase name="givenFirstName_ifShort_thenReturnFalse[3]" classname="UserRegistration" time="0.0"/>
  <testcase name="givenEmailId_shouldReturnExpectedResult[3]" classname="UserRegistration" time="0.001"/>
  <testcase name="givenPassword_ifNoNumericValue_thenReturnFalse[3]" classname="UserRegistration" time="0.0"/>
  <testcase name="givenFirstName_ifContainsNumeric_thenReturnFalse[3]" classname="UserRegistration" time="0.0"/>
  <testcase name="givenPassword_ifExactlyOneSpecialCharacter_thenReturnTrue[3]" classname="UserRegistration" time="0.001"/>
  <testcase name="givenMobileNumber_ifContainCharacter_thenReturnFalse[3]" classname="UserRegistration" time="0.0"/>
  <testcase name="givenLastName_ifProper_thenReturnTrue[3]" classname="UserRegistration" time="0.0"/>
  <testcase name="givenMobileNumber_ifContainSpecialCharacter_thenReturnFalse[3]" classname="UserRegistration" time="0.0"/>
  <testcase name="givenFirstName_ifContainsSpecialChar_thenReturnFalse[3]" classname="UserRegistration" time="0.0"/>
  <testcase name="givenPassword_ifAtleastOneUppercase_thenReturnTrue[3]" classname="UserRegistration" time="0.0"/>
  <testcase name="givenPassword_ifShort_thenReturnFalse[3]" classname="UserRegistration" time="0.0"/>
  <testcase name="givenPassword_ifNoSpecialCharacter_thenReturnFalse[3]" classname="UserRegistration" time="0.001"/>
  <testcase name="givenMobileNumber_ifNoSpace_thenReturnFalse[3]" classname="UserRegistration" time="0.0"/>
  <testcase name="givenPassword_ifMoreThanOneSpecialCharacter_thenReturnFalse[4]" classname="UserRegistration" time="0.001"/>
  <testcase name="givenPassword_ifAtleastOneNumericValue_thenReturnTrue[4]" classname="UserRegistration" time="0.024"/>
  <testcase name="givenMobileNumber_ifProper_thenReturnTrue[4]" classname="UserRegistration" time="0.001"/>
  <testcase name="givenFirstName_ifProper_thenReturnTrue[4]" classname="UserRegistration" time="0.0"/>
  <testcase name="givenFirstName_ifNoUpperCase_thenReturnFalse[4]" classname="UserRegistration" time="0.004"/>
  <testcase name="givenPassword_ifLong_thenReturnTrue[4]" classname="UserRegistration" time="0.001"/>
  <testcase name="givenPassword_ifNoUppercase_thenReturnFalse[4]" classname="UserRegistration" time="0.0"/>
  <testcase name="givenFirstName_ifShort_thenReturnFalse[4]" classname="UserRegistration" time="0.0"/>
  <testcase name="givenEmailId_shouldReturnExpectedResult[4]" classname="UserRegistration" time="0.001"/>
  <testcase name="givenPassword_ifNoNumericValue_thenReturnFalse[4]" classname="UserRegistration" time="0.0"/>
  <testcase name="givenFirstName_ifContainsNumeric_thenReturnFalse[4]" classname="UserRegistration" time="0.0"/>
  <testcase name="givenPassword_ifExactlyOneSpecialCharacter_thenReturnTrue[4]" classname="UserRegistration" time="0.0"/>
  <testcase name="givenMobileNumber_ifContainCharacter_thenReturnFalse[4]" classname="UserRegistration" time="0.001"/>
  <testcase name="givenLastName_ifProper_thenReturnTrue[4]" classname="UserRegistration" time="0.0"/>
  <testcase name="givenMobileNumber_ifContainSpecialCharacter_thenReturnFalse[4]" classname="UserRegistration" time="0.0"/>
  <testcase name="givenFirstName_ifContainsSpecialChar_thenReturnFalse[4]" classname="UserRegistration" time="0.0"/>
  <testcase name="givenPassword_ifAtleastOneUppercase_thenReturnTrue[4]" classname="UserRegistration" time="0.003"/>
  <testcase name="givenPassword_ifShort_thenReturnFalse[4]" classname="UserRegistration" time="0.001"/>
  <testcase name="givenPassword_ifNoSpecialCharacter_thenReturnFalse[4]" classname="UserRegistration" time="0.0"/>
  <testcase name="givenMobileNumber_ifNoSpace_thenReturnFalse[4]" classname="UserRegistration" time="0.001"/>
  <testcase name="givenPassword_ifMoreThanOneSpecialCharacter_thenReturnFalse[5]" classname="UserRegistration" time="0.001"/>
  <testcase name="givenPassword_ifAtleastOneNumericValue_thenReturnTrue[5]" classname="UserRegistration" time="0.001"/>
  <testcase name="givenMobileNumber_ifProper_thenReturnTrue[5]" classname="UserRegistration" time="0.0"/>
  <testcase name="givenFirstName_ifProper_thenReturnTrue[5]" classname="UserRegistration" time="0.0"/>
  <testcase name="givenFirstName_ifNoUpperCase_thenReturnFalse[5]" classname="UserRegistration" time="0.0"/>
  <testcase name="givenPassword_ifLong_thenReturnTrue[5]" classname="UserRegistration" time="0.0"/>
  <testcase name="givenPassword_ifNoUppercase_thenReturnFalse[5]" classname="UserRegistration" time="0.0"/>
  <testcase name="givenFirstName_ifShort_thenReturnFalse[5]" classname="UserRegistration" time="0.0"/>
  <testcase name="givenEmailId_shouldReturnExpectedResult[5]" classname="UserRegistration" time="0.0"/>
  <testcase name="givenPassword_ifNoNumericValue_thenReturnFalse[5]" classname="UserRegistration" time="0.0"/>
  <testcase name="givenFirstName_ifContainsNumeric_thenReturnFalse[5]" classname="UserRegistration" time="0.0"/>
  <testcase name="givenPassword_ifExactlyOneSpecialCharacter_thenReturnTrue[5]" classname="UserRegistration" time="0.001"/>
  <testcase name="givenMobileNumber_ifContainCharacter_thenReturnFalse[5]" classname="UserRegistration" time="0.0"/>
  <testcase name="givenLastName_ifProper_thenReturnTrue[5]" classname="UserRegistration" time="0.0"/>
  <testcase name="givenMobileNumber_ifContainSpecialCharacter_thenReturnFalse[5]" classname="UserRegistration" time="0.0"/>
  <testcase name="givenFirstName_ifContainsSpecialChar_thenReturnFalse[5]" classname="UserRegistration" time="0.001"/>
  <testcase name="givenPassword_ifAtleastOneUppercase_thenReturnTrue[5]" classname="UserRegistration" time="0.001"/>
  <testcase name="givenPassword_ifShort_thenReturnFalse[5]" classname="UserRegistration" time="0.001"/>
  <testcase name="givenPassword_ifNoSpecialCharacter_thenReturnFalse[5]" classname="UserRegistration" time="0.001"/>
  <testcase name="givenMobileNumber_ifNoSpace_thenReturnFalse[5]" classname="UserRegistration" time="0.0"/>
  <testcase name="givenPassword_ifMoreThanOneSpecialCharacter_thenReturnFalse[6]" classname="UserRegistration" time="0.001"/>
  <testcase name="givenPassword_ifAtleastOneNumericValue_thenReturnTrue[6]" classname="UserRegistration" time="0.001"/>
  <testcase name="givenMobileNumber_ifProper_thenReturnTrue[6]" classname="UserRegistration" time="0.001"/>
  <testcase name="givenFirstName_ifProper_thenReturnTrue[6]" classname="UserRegistration" time="0.0"/>
  <testcase name="givenFirstName_ifNoUpperCase_thenReturnFalse[6]" classname="UserRegistration" time="0.0"/>
  <testcase name="givenPassword_ifLong_thenReturnTrue[6]" classname="UserRegistration" time="0.0"/>
  <testcase name="givenPassword_ifNoUppercase_thenReturnFalse[6]" classname="UserRegistration" time="0.001"/>
  <testcase name="givenFirstName_ifShort_thenReturnFalse[6]" classname="UserRegistration" time="0.0"/>
  <testcase name="givenEmailId_shouldReturnExpectedResult[6]" classname="UserRegistration" time="0.0"/>
  <testcase name="givenPassword_ifNoNumericValue_thenReturnFalse[6]" classname="UserRegistration" time="0.0"/>
  <testcase name="givenFirstName_ifContainsNumeric_thenReturnFalse[6]" classname="UserRegistration" time="0.0"/>
  <testcase name="givenPassword_ifExactlyOneSpecialCharacter_thenReturnTrue[6]" classname="UserRegistration" time="0.001"/>
  <testcase name="givenMobileNumber_ifContainCharacter_thenReturnFalse[6]" classname="UserRegistration" time="0.0"/>
  <testcase name="givenLastName_ifProper_thenReturnTrue[6]" classname="UserRegistration" time="0.0"/>
  <testcase name="givenMobileNumber_ifContainSpecialCharacter_thenReturnFalse[6]" classname="UserRegistration" time="0.001"/>
  <testcase name="givenFirstName_ifContainsSpecialChar_thenReturnFalse[6]" classname="UserRegistration" time="0.0"/>
  <testcase name="givenPassword_ifAtleastOneUppercase_thenReturnTrue[6]" classname="UserRegistration" time="0.0"/>
  <testcase name="givenPassword_ifShort_thenReturnFalse[6]" classname="UserRegistration" time="0.0"/>
  <testcase name="givenPassword_ifNoSpecialCharacter_thenReturnFalse[6]" classname="UserRegistration" time="0.0"/>
  <testcase name="givenMobileNumber_ifNoSpace_thenReturnFalse[6]" classname="UserRegistration" time="0.001"/>
  <testcase name="givenPassword_ifMoreThanOneSpecialCharacter_thenReturnFalse[7]" classname="UserRegistration" time="0.0"/>
  <testcase name="givenPassword_ifAtleastOneNumericValue_thenReturnTrue[7]" classname="UserRegistration" time="0.0"/>
  <testcase name="givenMobileNumber_ifProper_thenReturnTrue[7]" classname="UserRegistration" time="0.0"/>
  <testcase name="givenFirstName_ifProper_thenReturnTrue[7]" classname="UserRegistration" time="0.0"/>
  <testcase name="givenFirstName_ifNoUpperCase_thenReturnFalse[7]" classname="UserRegistration" time="0.001"/>
  <testcase name="givenPassword_ifLong_thenReturnTrue[7]" classname="UserRegistration" time="0.0"/>
  <testcase name="givenPassword_ifNoUppercase_thenReturnFalse[7]" classname="UserRegistration" time="0.008"/>
  <testcase name="givenFirstName_ifShort_thenReturnFalse[7]" classname="UserRegistration" time="0.0"/>
  <testcase name="givenEmailId_shouldReturnExpectedResult[7]" classname="UserRegistration" time="0.007"/>
  <testcase name="givenPassword_ifNoNumericValue_thenReturnFalse[7]" classname="UserRegistration" time="0.003"/>
  <testcase name="givenFirstName_ifContainsNumeric_thenReturnFalse[7]" classname="UserRegistration" time="0.0"/>
  <testcase name="givenPassword_ifExactlyOneSpecialCharacter_thenReturnTrue[7]" classname="UserRegistration" time="0.001"/>
  <testcase name="givenMobileNumber_ifContainCharacter_thenReturnFalse[7]" classname="UserRegistration" time="0.001"/>
  <testcase name="givenLastName_ifProper_thenReturnTrue[7]" classname="UserRegistration" time="0.001"/>
  <testcase name="givenMobileNumber_ifContainSpecialCharacter_thenReturnFalse[7]" classname="UserRegistration" time="0.0"/>
  <testcase name="givenFirstName_ifContainsSpecialChar_thenReturnFalse[7]" classname="UserRegistration" time="0.0"/>
  <testcase name="givenPassword_ifAtleastOneUppercase_thenReturnTrue[7]" classname="UserRegistration" time="0.003"/>
  <testcase name="givenPassword_ifShort_thenReturnFalse[7]" classname="UserRegistration" time="0.0"/>
  <testcase name="givenPassword_ifNoSpecialCharacter_thenReturnFalse[7]" classname="UserRegistration" time="0.001"/>
  <testcase name="givenMobileNumber_ifNoSpace_thenReturnFalse[7]" classname="UserRegistration" time="0.001"/>
  <testcase name="givenPassword_ifMoreThanOneSpecialCharacter_thenReturnFalse[8]" classname="UserRegistration" time="0.001"/>
  <testcase name="givenPassword_ifAtleastOneNumericValue_thenReturnTrue[8]" classname="UserRegistration" time="0.0"/>
  <testcase name="givenMobileNumber_ifProper_thenReturnTrue[8]" classname="UserRegistration" time="0.0"/>
  <testcase name="givenFirstName_ifProper_thenReturnTrue[8]" classname="UserRegistration" time="0.0"/>
  <testcase name="givenFirstName_ifNoUpperCase_thenReturnFalse[8]" classname="UserRegistration" time="0.0"/>
  <testcase name="givenPassword_ifLong_thenReturnTrue[8]" classname="UserRegistration" time="0.0"/>
  <testcase name="givenPassword_ifNoUppercase_thenReturnFalse[8]" classname="UserRegistration" time="0.0"/>
  <testcase name="givenFirstName_ifShort_thenReturnFalse[8]" classname="UserRegistration" time="0.0"/>
  <testcase name="givenEmailId_shouldReturnExpectedResult[8]" classname="UserRegistration" time="0.003"/>
  <testcase name="givenPassword_ifNoNumericValue_thenReturnFalse[8]" classname="UserRegistration" time="0.0"/>
  <testcase name="givenFirstName_ifContainsNumeric_thenReturnFalse[8]" classname="UserRegistration" time="0.001"/>
  <testcase name="givenPassword_ifExactlyOneSpecialCharacter_thenReturnTrue[8]" classname="UserRegistration" time="0.001"/>
  <testcase name="givenMobileNumber_ifContainCharacter_thenReturnFalse[8]" classname="UserRegistration" time="0.001"/>
  <testcase name="givenLastName_ifProper_thenReturnTrue[8]" classname="UserRegistration" time="0.0"/>
  <testcase name="givenMobileNumber_ifContainSpecialCharacter_thenReturnFalse[8]" classname="UserRegistration" time="0.001"/>
  <testcase name="givenFirstName_ifContainsSpecialChar_thenReturnFalse[8]" classname="UserRegistration" time="0.0"/>
  <testcase name="givenPassword_ifAtleastOneUppercase_thenReturnTrue[8]" classname="UserRegistration" time="0.001"/>
  <testcase name="givenPassword_ifShort_thenReturnFalse[8]" classname="UserRegistration" time="0.008"/>
  <testcase name="givenPassword_ifNoSpecialCharacter_thenReturnFalse[8]" classname="UserRegistration" time="0.0"/>
  <testcase name="givenMobileNumber_ifNoSpace_thenReturnFalse[8]" classname="UserRegistration" time="0.001"/>
  <testcase name="givenPassword_ifMoreThanOneSpecialCharacter_thenReturnFalse[9]" classname="UserRegistration" time="0.0"/>
  <testcase name="givenPassword_ifAtleastOneNumericValue_thenReturnTrue[9]" classname="UserRegistration" time="0.0"/>
  <testcase name="givenMobileNumber_ifProper_thenReturnTrue[9]" classname="UserRegistration" time="0.0"/>
  <testcase name="givenFirstName_ifProper_thenReturnTrue[9]" classname="UserRegistration" time="0.0"/>
  <testcase name="givenFirstName_ifNoUpperCase_thenReturnFalse[9]" classname="UserRegistration" time="0.0"/>
  <testcase name="givenPassword_ifLong_thenReturnTrue[9]" classname="UserRegistration" time="0.002"/>
  <testcase name="givenPassword_ifNoUppercase_thenReturnFalse[9]" classname="UserRegistration" time="0.006"/>
  <testcase name="givenFirstName_ifShort_thenReturnFalse[9]" classname="UserRegistration" time="0.001"/>
  <testcase name="givenEmailId_shouldReturnExpectedResult[9]" classname="UserRegistration" time="0.002"/>
  <testcase name="givenPassword_ifNoNumericValue_thenReturnFalse[9]" classname="UserRegistration" time="0.001"/>
  <testcase name="givenFirstName_ifContainsNumeric_thenReturnFalse[9]" classname="UserRegistration" time="0.001"/>
  <testcase name="givenPassword_ifExactlyOneSpecialCharacter_thenReturnTrue[9]" classname="UserRegistration" time="0.0"/>
  <testcase name="givenMobileNumber_ifContainCharacter_thenReturnFalse[9]" classname="UserRegistration" time="0.0"/>
  <testcase name="givenLastName_ifProper_thenReturnTrue[9]" classname="UserRegistration" time="0.0"/>
  <testcase name="givenMobileNumber_ifContainSpecialCharacter_thenReturnFalse[9]" classname="UserRegistration" time="0.0"/>
  <testcase name="givenFirstName_ifContainsSpecialChar_thenReturnFalse[9]" classname="UserRegistration" time="0.0"/>
  <testcase name="givenPassword_ifAtleastOneUppercase_thenReturnTrue[9]" classname="UserRegistration" time="0.0"/>
  <testcase name="givenPassword_ifShort_thenReturnFalse[9]" classname="UserRegistration" time="0.0"/>
  <testcase name="givenPassword_ifNoSpecialCharacter_thenReturnFalse[9]" classname="UserRegistration" time="0.0"/>
  <testcase name="givenMobileNumber_ifNoSpace_thenReturnFalse[9]" classname="UserRegistration" time="0.0"/>
  <testcase name="givenPassword_ifMoreThanOneSpecialCharacter_thenReturnFalse[10]" classname="UserRegistration" time="0.0"/>
  <testcase name="givenPassword_ifAtleastOneNumericValue_thenReturnTrue[10]" classname="UserRegistration" time="0.0"/>
  <testcase name="givenMobileNumber_ifProper_thenReturnTrue[10]" classname="UserRegistration" time="0.0"/>
  <testcase name="givenFirstName_ifProper_thenReturnTrue[10]" classname="UserRegistration" time="0.0"/>
  <testcase name="givenFirstName_ifNoUpperCase_thenReturnFalse[10]" classname="UserRegistration" time="0.0"/>
  <testcase name="givenPassword_ifLong_thenReturnTrue[10]" classname="UserRegistration" time="0.0"/>
  <testcase name="givenPassword_ifNoUppercase_thenReturnFalse[10]" classname="UserRegistration" time="0.001"/>
  <testcase name="givenFirstName_ifShort_thenReturnFalse[10]" classname="UserRegistration" time="0.0"/>
  <testcase name="givenEmailId_shouldReturnExpectedResult[10]" classname="UserRegistration" time="0.0"/>
  <testcase name="givenPassword_ifNoNumericValue_thenReturnFalse[10]" classname="UserRegistration" time="0.0"/>
  <testcase name="givenFirstName_ifContainsNumeric_thenReturnFalse[10]" classname="UserRegistration" time="0.0"/>
  <testcase name="givenPassword_ifExactlyOneSpecialCharacter_thenReturnTrue[10]" classname="UserRegistration" time="0.0"/>
  <testcase name="givenMobileNumber_ifContainCharacter_thenReturnFalse[10]" classname="UserRegistration" time="0.002"/>
  <testcase name="givenLastName_ifProper_thenReturnTrue[10]" classname="UserRegistration" time="0.0"/>
  <testcase name="givenMobileNumber_ifContainSpecialCharacter_thenReturnFalse[10]" classname="UserRegistration" time="0.0"/>
  <testcase name="givenFirstName_ifContainsSpecialChar_thenReturnFalse[10]" classname="UserRegistration" time="0.0"/>
  <testcase name="givenPassword_ifAtleastOneUppercase_thenReturnTrue[10]" classname="UserRegistration" time="0.0"/>
  <testcase name="givenPassword_ifShort_thenReturnFalse[10]" classname="UserRegistration" time="0.0"/>
  <testcase name="givenPassword_ifNoSpecialCharacter_thenReturnFalse[10]" classname="UserRegistration" time="0.0"/>
  <testcase name="givenMobileNumber_ifNoSpace_thenReturnFalse[10]" classname="UserRegistration" time="0.0"/>
  <testcase name="givenPassword_ifMoreThanOneSpecialCharacter_thenReturnFalse[11]" classname="UserRegistration" time="0.0"/>
  <testcase name="givenPassword_ifAtleastOneNumericValue_thenReturnTrue[11]" classname="UserRegistration" time="0.0"/>
  <testcase name="givenMobileNumber_ifProper_thenReturnTrue[11]" classname="UserRegistration" time="0.0"/>
  <testcase name="givenFirstName_ifProper_thenReturnTrue[11]" classname="UserRegistration" time="0.0"/>
  <testcase name="givenFirstName_ifNoUpperCase_thenReturnFalse[11]" classname="UserRegistration" time="0.0"/>
  <testcase name="givenPassword_ifLong_thenReturnTrue[11]" classname="UserRegistration" time="0.0"/>
  <testcase name="givenPassword_ifNoUppercase_thenReturnFalse[11]" classname="UserRegistration" time="0.0"/>
  <testcase name="givenFirstName_ifShort_thenReturnFalse[11]" classname="UserRegistration" time="0.0"/>
  <testcase name="givenEmailId_shouldReturnExpectedResult[11]" classname="UserRegistration" time="0.0"/>
  <testcase name="givenPassword_ifNoNumericValue_thenReturnFalse[11]" classname="UserRegistration" time="0.001"/>
  <testcase name="givenFirstName_ifContainsNumeric_thenReturnFalse[11]" classname="UserRegistration" time="0.001"/>
  <testcase name="givenPassword_ifExactlyOneSpecialCharacter_thenReturnTrue[11]" classname="UserRegistration" time="0.0"/>
  <testcase name="givenMobileNumber_ifContainCharacter_thenReturnFalse[11]" classname="UserRegistration" time="0.001"/>
  <testcase name="givenLastName_ifProper_thenReturnTrue[11]" classname="UserRegistration" time="0.0"/>
  <testcase name="givenMobileNumber_ifContainSpecialCharacter_thenReturnFalse[11]" classname="UserRegistration" time="0.0"/>
  <testcase name="givenFirstName_ifContainsSpecialChar_thenReturnFalse[11]" classname="UserRegistration" time="0.0"/>
  <testcase name="givenPassword_ifAtleastOneUppercase_thenReturnTrue[11]" classname="UserRegistration" time="0.0"/>
  <testcase name="givenPassword_ifShort_thenReturnFalse[11]" classname="UserRegistration" time="0.0"/>
  <testcase name="givenPassword_ifNoSpecialCharacter_thenReturnFalse[11]" classname="UserRegistration" time="0.001"/>
  <testcase name="givenMobileNumber_ifNoSpace_thenReturnFalse[11]" classname="UserRegistration" time="0.0"/>
  <testcase name="givenPassword_ifMoreThanOneSpecialCharacter_thenReturnFalse[12]" classname="UserRegistration" time="0.0"/>
  <testcase name="givenPassword_ifAtleastOneNumericValue_thenReturnTrue[12]" classname="UserRegistration" time="0.0"/>
  <testcase name="givenMobileNumber_ifProper_thenReturnTrue[12]" classname="UserRegistration" time="0.0"/>
  <testcase name="givenFirstName_ifProper_thenReturnTrue[12]" classname="UserRegistration" time="0.0"/>
  <testcase name="givenFirstName_ifNoUpperCase_thenReturnFalse[12]" classname="UserRegistration" time="0.0"/>
  <testcase name="givenPassword_ifLong_thenReturnTrue[12]" classname="UserRegistration" time="0.0"/>
  <testcase name="givenPassword_ifNoUppercase_thenReturnFalse[12]" classname="UserRegistration" time="0.0"/>
  <testcase name="givenFirstName_ifShort_thenReturnFalse[12]" classname="UserRegistration" time="0.0"/>
  <testcase name="givenEmailId_shouldReturnExpectedResult[12]" classname="UserRegistration" time="0.0"/>
  <testcase name="givenPassword_ifNoNumericValue_thenReturnFalse[12]" classname="UserRegistration" time="0.0"/>
  <testcase name="givenFirstName_ifContainsNumeric_thenReturnFalse[12]" classname="UserRegistration" time="0.0"/>
  <testcase name="givenPassword_ifExactlyOneSpecialCharacter_thenReturnTrue[12]" classname="UserRegistration" time="0.0"/>
  <testcase name="givenMobileNumber_ifContainCharacter_thenReturnFalse[12]" classname="UserRegistration" time="0.0"/>
  <testcase name="givenLastName_ifProper_thenReturnTrue[12]" classname="UserRegistration" time="0.0"/>
  <testcase name="givenMobileNumber_ifContainSpecialCharacter_thenReturnFalse[12]" classname="UserRegistration" time="0.0"/>
  <testcase name="givenFirstName_ifContainsSpecialChar_thenReturnFalse[12]" classname="UserRegistration" time="0.0"/>
  <testcase name="givenPassword_ifAtleastOneUppercase_thenReturnTrue[12]" classname="UserRegistration" time="0.001"/>
  <testcase name="givenPassword_ifShort_thenReturnFalse[12]" classname="UserRegistration" time="0.002"/>
  <testcase name="givenPassword_ifNoSpecialCharacter_thenReturnFalse[12]" classname="UserRegistration" time="0.001"/>
  <testcase name="givenMobileNumber_ifNoSpace_thenReturnFalse[12]" classname="UserRegistration" time="0.0"/>
  <testcase name="givenPassword_ifMoreThanOneSpecialCharacter_thenReturnFalse[13]" classname="UserRegistration" time="0.0"/>
  <testcase name="givenPassword_ifAtleastOneNumericValue_thenReturnTrue[13]" classname="UserRegistration" time="0.0"/>
  <testcase name="givenMobileNumber_ifProper_thenReturnTrue[13]" classname="UserRegistration" time="0.0"/>
  <testcase name="givenFirstName_ifProper_thenReturnTrue[13]" classname="UserRegistration" time="0.0"/>
  <testcase name="givenFirstName_ifNoUpperCase_thenReturnFalse[13]" classname="UserRegistration" time="0.0"/>
  <testcase name="givenPassword_ifLong_thenReturnTrue[13]" classname="UserRegistration" time="0.0"/>
  <testcase name="givenPassword_ifNoUppercase_thenReturnFalse[13]" classname="UserRegistration" time="0.0"/>
  <testcase name="givenFirstName_ifShort_thenReturnFalse[13]" classname="UserRegistration" time="0.0"/>
  <testcase name="givenEmailId_shouldReturnExpectedResult[13]" classname="UserRegistration" time="0.001"/>
  <testcase name="givenPassword_ifNoNumericValue_thenReturnFalse[13]" classname="UserRegistration" time="0.0"/>
  <testcase name="givenFirstName_ifContainsNumeric_thenReturnFalse[13]" classname="UserRegistration" time="0.0"/>
  <testcase name="givenPassword_ifExactlyOneSpecialCharacter_thenReturnTrue[13]" classname="UserRegistration" time="0.0"/>
  <testcase name="givenMobileNumber_ifContainCharacter_thenReturnFalse[13]" classname="UserRegistration" time="0.0"/>
  <testcase name="givenLastName_ifProper_thenReturnTrue[13]" classname="UserRegistration" time="0.0"/>
  <testcase name="givenMobileNumber_ifContainSpecialCharacter_thenReturnFalse[13]" classname="UserRegistration" time="0.0"/>
  <testcase name="givenFirstName_ifContainsSpecialChar_thenReturnFalse[13]" classname="UserRegistration" time="0.0"/>
  <testcase name="givenPassword_ifAtleastOneUppercase_thenReturnTrue[13]" classname="UserRegistration" time="0.0"/>
  <testcase name="givenPassword_ifShort_thenReturnFalse[13]" classname="UserRegistration" time="0.0"/>
  <testcase name="givenPassword_ifNoSpecialCharacter_thenReturnFalse[13]" classname="UserRegistration" time="0.0"/>
  <testcase name="givenMobileNumber_ifNoSpace_thenReturnFalse[13]" classname="UserRegistration" time="0.0"/>
  <testcase name="givenPassword_ifMoreThanOneSpecialCharacter_thenReturnFalse[14]" classname="UserRegistration" time="0.0"/>
  <testcase name="givenPassword_ifAtleastOneNumericValue_thenReturnTrue[14]" classname="UserRegistration" time="0.0"/>
  <testcase name="givenMobileNumber_ifProper_thenReturnTrue[14]" classname="UserRegistration" time="0.001"/>
  <testcase name="givenFirstName_ifProper_thenReturnTrue[14]" classname="UserRegistration" time="0.001"/>
  <testcase name="givenFirstName_ifNoUpperCase_thenReturnFalse[14]" classname="UserRegistration" time="0.0"/>
  <testcase name="givenPassword_ifLong_thenReturnTrue[14]" classname="UserRegistration" time="0.0"/>
  <testcase name="givenPassword_ifNoUppercase_thenReturnFalse[14]" classname="UserRegistration" time="0.0"/>
  <testcase name="givenFirstName_ifShort_thenReturnFalse[14]" classname="UserRegistration" time="0.0"/>
  <testcase name="givenEmailId_shouldReturnExpectedResult[14]" classname="UserRegistration" time="0.001"/>
  <testcase name="givenPassword_ifNoNumericValue_thenReturnFalse[14]" classname="UserRegistration" time="0.001"/>
  <testcase name="givenFirstName_ifContainsNumeric_thenReturnFalse[14]" classname="UserRegistration" time="0.0"/>
  <testcase name="givenPassword_ifExactlyOneSpecialCharacter_thenReturnTrue[14]" classname="UserRegistration" time="0.0"/>
  <testcase name="givenMobileNumber_ifContainCharacter_thenReturnFalse[14]" classname="UserRegistration" time="0.027"/>
  <testcase name="givenLastName_ifProper_thenReturnTrue[14]" classname="UserRegistration" time="0.0"/>
  <testcase name="givenMobileNumber_ifContainSpecialCharacter_thenReturnFalse[14]" classname="UserRegistration" time="0.0"/>
  <testcase name="givenFirstName_ifContainsSpecialChar_thenReturnFalse[14]" classname="UserRegistration" time="0.0"/>
  <testcase name="givenPassword_ifAtleastOneUppercase_thenReturnTrue[14]" classname="UserRegistration" time="0.001"/>
  <testcase name="givenPassword_ifShort_thenReturnFalse[14]" classname="UserRegistration" time="0.0"/>
  <testcase name="givenPassword_ifNoSpecialCharacter_thenReturnFalse[14]" classname="UserRegistration" time="0.0"/>
  <testcase name="givenMobileNumber_ifNoSpace_thenReturnFalse[14]" classname="UserRegistration" time="0.0"/>
  <testcase name="givenPassword_ifMoreThanOneSpecialCharacter_thenReturnFalse[15]" classname="UserRegistration" time="0.001"/>
  <testcase name="givenPassword_ifAtleastOneNumericValue_thenReturnTrue[15]" classname="UserRegistration" time="0.001"/>
  <testcase name="givenMobileNumber_ifProper_thenReturnTrue[15]" classname="UserRegistration" time="0.001"/>
  <testcase name="givenFirstName_ifProper_thenReturnTrue[15]" classname="UserRegistration" time="0.0"/>
  <testcase name="givenFirstName_ifNoUpperCase_thenReturnFalse[15]" classname="UserRegistration" time="0.001"/>
  <testcase name="givenPassword_ifLong_thenReturnTrue[15]" classname="UserRegistration" time="0.0"/>
  <testcase name="givenPassword_ifNoUppercase_thenReturnFalse[15]" classname="UserRegistration" time="0.0"/>
  <testcase name="givenFirstName_ifShort_thenReturnFalse[15]" classname="UserRegistration" time="0.002"/>
  <testcase name="givenEmailId_shouldReturnExpectedResult[15]" classname="UserRegistration" time="0.002"/>
  <testcase name="givenPassword_ifNoNumericValue_thenReturnFalse[15]" classname="UserRegistration" time="0.001"/>
  <testcase name="givenFirstName_ifContainsNumeric_thenReturnFalse[15]" classname="UserRegistration" time="0.001"/>
  <testcase name="givenPassword_ifExactlyOneSpecialCharacter_thenReturnTrue[15]" classname="UserRegistration" time="0.0"/>
  <testcase name="givenMobileNumber_ifContainCharacter_thenReturnFalse[15]" classname="UserRegistration" time="0.001"/>
  <testcase name="givenLastName_ifProper_thenReturnTrue[15]" classname="UserRegistration" time="0.0"/>
  <testcase name="givenMobileNumber_ifContainSpecialCharacter_thenReturnFalse[15]" classname="UserRegistration" time="0.001"/>
  <testcase name="givenFirstName_ifContainsSpecialChar_thenReturnFalse[15]" classname="UserRegistration" time="0.0"/>
  <testcase name="givenPassword_ifAtleastOneUppercase_thenReturnTrue[15]" classname="UserRegistration" time="0.0"/>
  <testcase name="givenPassword_ifShort_thenReturnFalse[15]" classname="UserRegistration" time="0.0"/>
  <testcase name="givenPassword_ifNoSpecialCharacter_thenReturnFalse[15]" classname="UserRegistration" time="0.0"/>
  <testcase name="givenMobileNumber_ifNoSpace_thenReturnFalse[15]" classname="UserRegistration" time="0.002"/>
  <testcase name="givenPassword_ifMoreThanOneSpecialCharacter_thenReturnFalse[16]" classname="UserRegistration" time="0.0"/>
  <testcase name="givenPassword_ifAtleastOneNumericValue_thenReturnTrue[16]" classname="UserRegistration" time="0.0"/>
  <testcase name="givenMobileNumber_ifProper_thenReturnTrue[16]" classname="UserRegistration" time="0.0"/>
  <testcase name="givenFirstName_ifProper_thenReturnTrue[16]" classname="UserRegistration" time="0.0"/>
  <testcase name="givenFirstName_ifNoUpperCase_thenReturnFalse[16]" classname="UserRegistration" time="0.0"/>
  <testcase name="givenPassword_ifLong_thenReturnTrue[16]" classname="UserRegistration" time="0.0"/>
  <testcase name="givenPassword_ifNoUppercase_thenReturnFalse[16]" classname="UserRegistration" time="0.001"/>
  <testcase name="givenFirstName_ifShort_thenReturnFalse[16]" classname="UserRegistration" time="0.0"/>
  <testcase name="givenEmailId_shouldReturnExpectedResult[16]" classname="UserRegistration" time="0.0"/>
  <testcase name="givenPassword_ifNoNumericValue_thenReturnFalse[16]" classname="UserRegistration" time="0.0"/>
  <testcase name="givenFirstName_ifContainsNumeric_thenReturnFalse[16]" classname="UserRegistration" time="0.0"/>
  <testcase name="givenPassword_ifExactlyOneSpecialCharacter_thenReturnTrue[16]" classname="UserRegistration" time="0.0"/>
  <testcase name="givenMobileNumber_ifContainCharacter_thenReturnFalse[16]" classname="UserRegistration" time="0.0"/>
  <testcase name="givenLastName_ifProper_thenReturnTrue[16]" classname="UserRegistration" time="0.0"/>
  <testcase name="givenMobileNumber_ifContainSpecialCharacter_thenReturnFalse[16]" classname="UserRegistration" time="0.0"/>
  <testcase name="givenFirstName_ifContainsSpecialChar_thenReturnFalse[16]" classname="UserRegistration" time="0.001"/>
  <testcase name="givenPassword_ifAtleastOneUppercase_thenReturnTrue[16]" classname="UserRegistration" time="0.0"/>
  <testcase name="givenPassword_ifShort_thenReturnFalse[16]" classname="UserRegistration" time="0.0"/>
  <testcase name="givenPassword_ifNoSpecialCharacter_thenReturnFalse[16]" classname="UserRegistration" time="0.0"/>
  <testcase name="givenMobileNumber_ifNoSpace_thenReturnFalse[16]" classname="UserRegistration" time="0.0"/>
  <testcase name="givenPassword_ifMoreThanOneSpecialCharacter_thenReturnFalse[17]" classname="UserRegistration" time="0.0"/>
  <testcase name="givenPassword_ifAtleastOneNumericValue_thenReturnTrue[17]" classname="UserRegistration" time="0.0"/>
  <testcase name="givenMobileNumber_ifProper_thenReturnTrue[17]" classname="UserRegistration" time="0.0"/>
  <testcase name="givenFirstName_ifProper_thenReturnTrue[17]" classname="UserRegistration" time="0.0"/>
  <testcase name="givenFirstName_ifNoUpperCase_thenReturnFalse[17]" classname="UserRegistration" time="0.0"/>
  <testcase name="givenPassword_ifLong_thenReturnTrue[17]" classname="UserRegistration" time="0.0"/>
  <testcase name="givenPassword_ifNoUppercase_thenReturnFalse[17]" classname="UserRegistration" time="0.0"/>
  <testcase name="givenFirstName_ifShort_thenReturnFalse[17]" classname="UserRegistration" time="0.0"/>
  <testcase name="givenEmailId_shouldReturnExpectedResult[17]" classname="UserRegistration" time="0.0"/>
  <testcase name="givenPassword_ifNoNumericValue_thenReturnFalse[17]" classname="UserRegistration" time="0.0"/>
  <testcase name="givenFirstName_ifContainsNumeric_thenReturnFalse[17]" classname="UserRegistration" time="0.0"/>
  <testcase name="givenPassword_ifExactlyOneSpecialCharacter_thenReturnTrue[17]" classname="UserRegistration" time="0.001"/>
  <testcase name="givenMobileNumber_ifContainCharacter_thenReturnFalse[17]" classname="UserRegistration" time="0.0"/>
  <testcase name="givenLastName_ifProper_thenReturnTrue[17]" classname="UserRegistration" time="0.0"/>
  <testcase name="givenMobileNumber_ifContainSpecialCharacter_thenReturnFalse[17]" classname="UserRegistration" time="0.0"/>
  <testcase name="givenFirstName_ifContainsSpecialChar_thenReturnFalse[17]" classname="UserRegistration" time="0.0"/>
  <testcase name="givenPassword_ifAtleastOneUppercase_thenReturnTrue[17]" classname="UserRegistration" time="0.0"/>
  <testcase name="givenPassword_ifShort_thenReturnFalse[17]" classname="UserRegistration" time="0.0"/>
  <testcase name="givenPassword_ifNoSpecialCharacter_thenReturnFalse[17]" classname="UserRegistration" time="0.0"/>
  <testcase name="givenMobileNumber_ifNoSpace_thenReturnFalse[17]" classname="UserRegistration" time="0.0"/>
  <testcase name="givenPassword_ifMoreThanOneSpecialCharacter_thenReturnFalse[18]" classname="UserRegistration" time="0.0"/>
  <testcase name="givenPassword_ifAtleastOneNumericValue_thenReturnTrue[18]" classname="UserRegistration" time="0.0"/>
  <testcase name="givenMobileNumber_ifProper_thenReturnTrue[18]" classname="UserRegistration" time="0.0"/>
  <testcase name="givenFirstName_ifProper_thenReturnTrue[18]" classname="UserRegistration" time="0.0"/>
  <testcase name="givenFirstName_ifNoUpperCase_thenReturnFalse[18]" classname="UserRegistration" time="0.0"/>
  <testcase name="givenPassword_ifLong_thenReturnTrue[18]" classname="UserRegistration" time="0.0"/>
  <testcase name="givenPassword_ifNoUppercase_thenReturnFalse[18]" classname="UserRegistration" time="0.0"/>
  <testcase name="givenFirstName_ifShort_thenReturnFalse[18]" classname="UserRegistration" time="0.0"/>
  <testcase name="givenEmailId_shouldReturnExpectedResult[18]" classname="UserRegistration" time="0.0"/>
  <testcase name="givenPassword_ifNoNumericValue_thenReturnFalse[18]" classname="UserRegistration" time="0.0"/>
  <testcase name="givenFirstName_ifContainsNumeric_thenReturnFalse[18]" classname="UserRegistration" time="0.0"/>
  <testcase name="givenPassword_ifExactlyOneSpecialCharacter_thenReturnTrue[18]" classname="UserRegistration" time="0.0"/>
  <testcase name="givenMobileNumber_ifContainCharacter_thenReturnFalse[18]" classname="UserRegistration" time="0.0"/>
  <testcase name="givenLastName_ifProper_thenReturnTrue[18]" classname="UserRegistration" time="0.0"/>
  <testcase name="givenMobileNumber_ifContainSpecialCharacter_thenReturnFalse[18]" classname="UserRegistration" time="0.0"/>
  <testcase name="givenFirstName_ifContainsSpecialChar_thenReturnFalse[18]" classname="UserRegistration" time="0.0"/>
  <testcase name="givenPassword_ifAtleastOneUppercase_thenReturnTrue[18]" classname="UserRegistration" time="0.0"/>
  <testcase name="givenPassword_ifShort_thenReturnFalse[18]" classname="UserRegistration" time="0.0"/>
  <testcase name="givenPassword_ifNoSpecialCharacter_thenReturnFalse[18]" classname="UserRegistration" time="0.0"/>
  <testcase name="givenMobileNumber_ifNoSpace_thenReturnFalse[18]" classname="UserRegistration" time="0.0"/>
  <testcase name="givenPassword_ifMoreThanOneSpecialCharacter_thenReturnFalse[19]" classname="UserRegistration" time="0.0"/>
  <testcase name="givenPassword_ifAtleastOneNumericValue_thenReturnTrue[19]" classname="UserRegistration" time="0.0"/>
  <testcase name="givenMobileNumber_ifProper_thenReturnTrue[19]" classname="UserRegistration" time="0.0"/>
  <testcase name="givenFirstName_ifProper_thenReturnTrue[19]" classname="UserRegistration" time="0.0"/>
  <testcase name="givenFirstName_ifNoUpperCase_thenReturnFalse[19]" classname="UserRegistration" time="0.001"/>
  <testcase name="givenPassword_ifLong_thenReturnTrue[19]" classname="UserRegistration" time="0.0"/>
  <testcase name="givenPassword_ifNoUppercase_thenReturnFalse[19]" classname="UserRegistration" time="0.0"/>
  <testcase name="givenFirstName_ifShort_thenReturnFalse[19]" classname="UserRegistration" time="0.0"/>
  <testcase name="givenEmailId_shouldReturnExpectedResult[19]" classname="UserRegistration" time="0.001"/>
  <testcase name="givenPassword_ifNoNumericValue_thenReturnFalse[19]" classname="UserRegistration" time="0.0"/>
  <testcase name="givenFirstName_ifContainsNumeric_thenReturnFalse[19]" classname="UserRegistration" time="0.0"/>
  <testcase name="givenPassword_ifExactlyOneSpecialCharacter_thenReturnTrue[19]" classname="UserRegistration" time="0.0"/>
  <testcase name="givenMobileNumber_ifContainCharacter_thenReturnFalse[19]" classname="UserRegistration" time="0.0"/>
  <testcase name="givenLastName_ifProper_thenReturnTrue[19]" classname="UserRegistration" time="0.0"/>
  <testcase name="givenMobileNumber_ifContainSpecialCharacter_thenReturnFalse[19]" classname="UserRegistration" time="0.0"/>
  <testcase name="givenFirstName_ifContainsSpecialChar_thenReturnFalse[19]" classname="UserRegistration" time="0.0"/>
  <testcase name="givenPassword_ifAtleastOneUppercase_thenReturnTrue[19]" classname="UserRegistration" time="0.0"/>
  <testcase name="givenPassword_ifShort_thenReturnFalse[19]" classname="UserRegistration" time="0.0"/>
  <testcase name="givenPassword_ifNoSpecialCharacter_thenReturnFalse[19]" classname="UserRegistration" time="0.0"/>
  <testcase name="givenMobileNumber_ifNoSpace_thenReturnFalse[19]" classname="UserRegistration" time="0.0"/>
  <testcase name="givenPassword_ifMoreThanOneSpecialCharacter_thenReturnFalse[20]" classname="UserRegistration" time="0.0"/>
  <testcase name="givenPassword_ifAtleastOneNumericValue_thenReturnTrue[20]" classname="UserRegistration" time="0.0"/>
  <testcase name="givenMobileNumber_ifProper_thenReturnTrue[20]" classname="UserRegistration" time="0.0"/>
  <testcase name="givenFirstName_ifProper_thenReturnTrue[20]" classname="UserRegistration" time="0.0"/>
  <testcase name="givenFirstName_ifNoUpperCase_thenReturnFalse[20]" classname="UserRegistration" time="0.0"/>
  <testcase name="givenPassword_ifLong_thenReturnTrue[20]" classname="UserRegistration" time="0.0"/>
  <testcase name="givenPassword_ifNoUppercase_thenReturnFalse[20]" classname="UserRegistration" time="0.0"/>
  <testcase name="givenFirstName_ifShort_thenReturnFalse[20]" classname="UserRegistration" time="0.0"/>
  <testcase name="givenEmailId_shouldReturnExpectedResult[20]" classname="UserRegistration" time="0.0"/>
  <testcase name="givenPassword_ifNoNumericValue_thenReturnFalse[20]" classname="UserRegistration" time="0.0"/>
  <testcase name="givenFirstName_ifContainsNumeric_thenReturnFalse[20]" classname="UserRegistration" time="0.0"/>
  <testcase name="givenPassword_ifExactlyOneSpecialCharacter_thenReturnTrue[20]" classname="UserRegistration" time="0.0"/>
  <testcase name="givenMobileNumber_ifContainCharacter_thenReturnFalse[20]" classname="UserRegistration" time="0.001"/>
  <testcase name="givenLastName_ifProper_thenReturnTrue[20]" classname="UserRegistration" time="0.0"/>
  <testcase name="givenMobileNumber_ifContainSpecialCharacter_thenReturnFalse[20]" classname="UserRegistration" time="0.0"/>
  <testcase name="givenFirstName_ifContainsSpecialChar_thenReturnFalse[20]" classname="UserRegistration" time="0.0"/>
  <testcase name="givenPassword_ifAtleastOneUppercase_thenReturnTrue[20]" classname="UserRegistration" time="0.0"/>
  <testcase name="givenPassword_ifShort_thenReturnFalse[20]" classname="UserRegistration" time="0.0"/>
  <testcase name="givenPassword_ifNoSpecialCharacter_thenReturnFalse[20]" classname="UserRegistration" time="0.0"/>
  <testcase name="givenMobileNumber_ifNoSpace_thenReturnFalse[20]" classname="UserRegistration" time="0.0"/>
  <testcase name="givenPassword_ifMoreThanOneSpecialCharacter_thenReturnFalse[21]" classname="UserRegistration" time="0.001"/>
  <testcase name="givenPassword_ifAtleastOneNumericValue_thenReturnTrue[21]" classname="UserRegistration" time="0.0"/>
  <testcase name="givenMobileNumber_ifProper_thenReturnTrue[21]" classname="UserRegistration" time="0.0"/>
  <testcase name="givenFirstName_ifProper_thenReturnTrue[21]" classname="UserRegistration" time="0.0"/>
  <testcase name="givenFirstName_ifNoUpperCase_thenReturnFalse[21]" classname="UserRegistration" time="0.001"/>
  <testcase name="givenPassword_ifLong_thenReturnTrue[21]" classname="UserRegistration" time="0.0"/>
  <testcase name="givenPassword_ifNoUppercase_thenReturnFalse[21]" classname="UserRegistration" time="0.0"/>
  <testcase name="givenFirstName_ifShort_thenReturnFalse[21]" classname="UserRegistration" time="0.0"/>
  <testcase name="givenEmailId_shouldReturnExpectedResult[21]" classname="UserRegistration" time="0.0"/>
  <testcase name="givenPassword_ifNoNumericValue_thenReturnFalse[21]" classname="UserRegistration" time="0.0"/>
  <testcase name="givenFirstName_ifContainsNumeric_thenReturnFalse[21]" classname="UserRegistration" time="0.0"/>
  <testcase name="givenPassword_ifExactlyOneSpecialCharacter_thenReturnTrue[21]" classname="UserRegistration" time="0.0"/>
  <testcase name="givenMobileNumber_ifContainCharacter_thenReturnFalse[21]" classname="UserRegistration" time="0.001"/>
  <testcase name="givenLastName_ifProper_thenReturnTrue[21]" classname="UserRegistration" time="0.0"/>
  <testcase name="givenMobileNumber_ifContainSpecialCharacter_thenReturnFalse[21]" classname="UserRegistration" time="0.0"/>
  <testcase name="givenFirstName_ifContainsSpecialChar_thenReturnFalse[21]" classname="UserRegistration" time="0.0"/>
  <testcase name="givenPassword_ifAtleastOneUppercase_thenReturnTrue[21]" classname="UserRegistration" time="0.0"/>
  <testcase name="givenPassword_ifShort_thenReturnFalse[21]" classname="UserRegistration" time="0.0"/>
  <testcase name="givenPassword_ifNoSpecialCharacter_thenReturnFalse[21]" classname="UserRegistration" time="0.0"/>
  <testcase name="givenMobileNumber_ifNoSpace_thenReturnFalse[21]" classname="UserRegistration" time="0.0"/>
  <system-out><![CDATA[email id is : abc@yahoo.com
email id is : abc-100@yahoo.com
email id is : abc.100@yahoo.com
email id is : abc111@abc.com
email id is : abc-100@abc.net
email id is : abc.100@abc.com.au
email id is : abc@1.com
email id is : abc+100@gmail.com
email id is : abc@gmail.com.com
email id is : abc
email id is : abc@.com.my
email id is : abc123@gmail.a
email id is : abc123@.com
email id is : abc123@.com.com
email id is : .abc123@abc.com
email id is : abc()*@gmail.com
email id is : abc@%*.com
email id is : abc..2002@gmail.com
email id is : abc.@gmail.com
email id is : abc@abc@gmail.com
email id is : abc@@gmail.com.1a
email id is : abc@gmail.com.aa.au
]]></system-out>
  <system-err><![CDATA[]]></system-err>
</testsuite>
