<?xml version="1.0" encoding="UTF-8"?>
<testsuite name="UserRegistration" tests="4" skipped="0" failures="0" errors="0" timestamp="2020-04-28T16:14:45" hostname="LAPTOP-VMLRSS4V" time="0.005">
  <properties/>
  <testcase name="givenMobileNumber_ifProper_thenReturnTrue" classname="UserRegistration" time="0.003"/>
  <testcase name="givenFirstName_ifProper_thenReturnTrue" classname="UserRegistration" time="0.0"/>
  <testcase name="givenLastName_ifProper_thenReturnTrue" classname="UserRegistration" time="0.0"/>
  <testcase name="givenEmailId_ifProper_thenReturnTrue" classname="UserRegistration" time="0.0"/>
  <system-out><![CDATA[]]></system-out>
  <system-err><![CDATA[]]></system-err>
</testsuite>
