<?xml version="1.0" encoding="UTF-8"?>
<testsuite name="UserRegistration" tests="1" skipped="0" failures="0" errors="0" timestamp="2020-04-28T15:43:53" hostname="LAPTOP-VMLRSS4V" time="0.004">
  <properties/>
  <testcase name="givenEmailId_ifProper_thenReturnTrue" classname="UserRegistration" time="0.004"/>
  <system-out><![CDATA[]]></system-out>
  <system-err><![CDATA[]]></system-err>
</testsuite>
